Build started 14/01/2015 16:33:31.
     1>Project "Q:\Brain Things\Coding\C++\Roguelike2\Roguelike\Roguelike.vcxproj" on node 2 (Build target(s)).
     1>ClCompile:
         C:\Program Files\Microsoft Visual Studio 12.0\VC\bin\CL.exe /c /ZI /nologo /W3 /WX- /sdl /Od /Oy- /D WIN32 /D _DEBUG /D _CONSOLE /D _LIB /D _UNICODE /D UNICODE /Gm /EHsc /RTC1 /MDd /GS /fp:precise /Zc:wchar_t /Zc:forScope /Yu"stdafx.h" /Fp"Debug\Roguelike.pch" /Fo"Debug\\" /Fd"Debug\vc120.pdb" /Gd /TP /analyze- /errorReport:prompt Game.cpp
         Game.cpp
     1>q:\brain things\coding\c++\roguelike2\roguelike\game.cpp(320): warning C4018: '<' : signed/unsigned mismatch
     1>q:\brain things\coding\c++\roguelike2\roguelike\game.cpp(323): warning C4018: '<' : signed/unsigned mismatch
     1>q:\brain things\coding\c++\roguelike2\roguelike\game.cpp(329): warning C4018: '<' : signed/unsigned mismatch
     1>q:\brain things\coding\c++\roguelike2\roguelike\game.cpp(335): warning C4018: '<' : signed/unsigned mismatch
     1>q:\brain things\coding\c++\roguelike2\roguelike\game.cpp(337): warning C4018: '<' : signed/unsigned mismatch
     1>q:\brain things\coding\c++\roguelike2\roguelike\game.cpp(343): warning C4018: '<' : signed/unsigned mismatch
     1>q:\brain things\coding\c++\roguelike2\roguelike\game.cpp(395): warning C4018: '<' : signed/unsigned mismatch
     1>q:\brain things\coding\c++\roguelike2\roguelike\game.cpp(401): warning C4018: '<' : signed/unsigned mismatch
       Link:
         C:\Program Files\Microsoft Visual Studio 12.0\VC\bin\link.exe /ERRORREPORT:PROMPT /OUT:"Q:\Brain Things\Coding\C++\Roguelike2\Roguelike\Debug\Roguelike.exe" /INCREMENTAL /NOLOGO kernel32.lib user32.lib gdi32.lib winspool.lib comdlg32.lib advapi32.lib shell32.lib ole32.lib oleaut32.lib uuid.lib odbc32.lib odbccp32.lib /MANIFEST /MANIFESTUAC:"level='asInvoker' uiAccess='false'" /manifest:embed /DEBUG /PDB:"Q:\Brain Things\Coding\C++\Roguelike2\Roguelike\Debug\Roguelike.pdb" /SUBSYSTEM:CONSOLE /TLBID:1 /DYNAMICBASE /NXCOMPAT /IMPLIB:"Q:\Brain Things\Coding\C++\Roguelike2\Roguelike\Debug\Roguelike.lib" /MACHINE:X86 Debug\Buffer.obj
         Debug\Door.obj
         Debug\Game.obj
         Debug\Inventory.obj
         Debug\Item.obj
         Debug\Loader.obj
         Debug\Menu.obj
         Debug\Player.obj
         Debug\Roguelike.obj
         Debug\stdafx.obj
         Roguelike.vcxproj -> Q:\Brain Things\Coding\C++\Roguelike2\Roguelike\Debug\Roguelike.exe
     1>Done Building Project "Q:\Brain Things\Coding\C++\Roguelike2\Roguelike\Roguelike.vcxproj" (Build target(s)).

Build succeeded.

Time Elapsed 00:00:00.87
