Build started 24/12/2014 15:19:50.
     1>Project "Q:\Brain Things\Coding\C++\Roguelike2\Roguelike\Roguelike.vcxproj" on node 2 (Build target(s)).
     1>ClCompile:
         C:\Program Files\Microsoft Visual Studio 12.0\VC\bin\CL.exe /c /Zi /nologo /W3 /WX- /sdl /O2 /Oi /Oy- /GL /D WIN32 /D NDEBUG /D _CONSOLE /D _LIB /D _UNICODE /D UNICODE /Gm- /EHsc /MD /GS /Gy /fp:precise /Zc:wchar_t /Zc:forScope /Yu"stdafx.h" /Fp"Release\Roguelike.pch" /Fo"Release\\" /Fd"Release\vc120.pdb" /Gd /TP /analyze- /errorReport:prompt Game.cpp
         Game.cpp
     1>Game.cpp(44): warning C4018: '<' : signed/unsigned mismatch
     1>Game.cpp(49): warning C4018: '<' : signed/unsigned mismatch
     1>Game.cpp(58): warning C4018: '<' : signed/unsigned mismatch
     1>Game.cpp(71): warning C4018: '<' : signed/unsigned mismatch
     1>Game.cpp(80): warning C4018: '<' : signed/unsigned mismatch
       Link:
         C:\Program Files\Microsoft Visual Studio 12.0\VC\bin\link.exe /ERRORREPORT:PROMPT /OUT:"Q:\Brain Things\Coding\C++\Roguelike2\Roguelike\Release\Roguelike.exe" /INCREMENTAL:NO /NOLOGO kernel32.lib user32.lib gdi32.lib winspool.lib comdlg32.lib advapi32.lib shell32.lib ole32.lib oleaut32.lib uuid.lib odbc32.lib odbccp32.lib /MANIFEST /MANIFESTUAC:"level='asInvoker' uiAccess='false'" /manifest:embed /DEBUG /PDB:"Q:\Brain Things\Coding\C++\Roguelike2\Roguelike\Release\Roguelike.pdb" /SUBSYSTEM:CONSOLE /OPT:REF /OPT:ICF /LTCG /TLBID:1 /DYNAMICBASE /NXCOMPAT /IMPLIB:"Q:\Brain Things\Coding\C++\Roguelike2\Roguelike\Release\Roguelike.lib" /MACHINE:X86 /SAFESEH Release\Door.obj
         Release\Game.obj
         Release\Player.obj
         Release\Roguelike.obj
         Release\stdafx.obj
         Generating code
         Finished generating code
         Roguelike.vcxproj -> Q:\Brain Things\Coding\C++\Roguelike2\Roguelike\Release\Roguelike.exe
     1>Done Building Project "Q:\Brain Things\Coding\C++\Roguelike2\Roguelike\Roguelike.vcxproj" (Build target(s)).

Build succeeded.

Time Elapsed 00:00:00.72
